find_header: checking for float.h... -------------------- yes

"/usr/local/Cellar/gcc46/4.6.4/bin/gcc-4.6 -E -I. -I/Users/adamdawkins/.rvm/rubies/ruby-1.8.7-p374/lib/ruby/1.8/i686-darwin13.0.2 -I.  -D_XOPEN_SOURCE -D_DARWIN_C_SOURCE   -O3 -I/usr/local/opt/libyaml/include -I/usr/local/opt/readline/include -I/usr/local/opt/libksba/include -I/usr/local/opt/openssl098/include  -fno-common -pipe -fno-common    conftest.c -o conftest.i"
checked program was:
/* begin */
1: #include <float.h>
/* end */

--------------------

find_header: checking for ruby.h... -------------------- yes

"/usr/local/Cellar/gcc46/4.6.4/bin/gcc-4.6 -E -I. -I/Users/adamdawkins/.rvm/rubies/ruby-1.8.7-p374/lib/ruby/1.8/i686-darwin13.0.2 -I.  -D_XOPEN_SOURCE -D_DARWIN_C_SOURCE   -O3 -I/usr/local/opt/libyaml/include -I/usr/local/opt/readline/include -I/usr/local/opt/libksba/include -I/usr/local/opt/openssl098/include  -fno-common -pipe -fno-common    conftest.c -o conftest.i"
checked program was:
/* begin */
1: #include <ruby.h>
/* end */

--------------------

find_header: checking for stdlib.h... -------------------- yes

"/usr/local/Cellar/gcc46/4.6.4/bin/gcc-4.6 -E -I. -I/Users/adamdawkins/.rvm/rubies/ruby-1.8.7-p374/lib/ruby/1.8/i686-darwin13.0.2 -I.  -D_XOPEN_SOURCE -D_DARWIN_C_SOURCE   -O3 -I/usr/local/opt/libyaml/include -I/usr/local/opt/readline/include -I/usr/local/opt/libksba/include -I/usr/local/opt/openssl098/include  -fno-common -pipe -fno-common    conftest.c -o conftest.i"
checked program was:
/* begin */
1: #include <stdlib.h>
/* end */

--------------------

find_header: checking for string.h... -------------------- yes

"/usr/local/Cellar/gcc46/4.6.4/bin/gcc-4.6 -E -I. -I/Users/adamdawkins/.rvm/rubies/ruby-1.8.7-p374/lib/ruby/1.8/i686-darwin13.0.2 -I.  -D_XOPEN_SOURCE -D_DARWIN_C_SOURCE   -O3 -I/usr/local/opt/libyaml/include -I/usr/local/opt/readline/include -I/usr/local/opt/libksba/include -I/usr/local/opt/openssl098/include  -fno-common -pipe -fno-common    conftest.c -o conftest.i"
checked program was:
/* begin */
1: #include <string.h>
/* end */

--------------------

have_header: checking for pthread.h... -------------------- yes

"/usr/local/Cellar/gcc46/4.6.4/bin/gcc-4.6 -E -I. -I/Users/adamdawkins/.rvm/rubies/ruby-1.8.7-p374/lib/ruby/1.8/i686-darwin13.0.2 -I.  -D_XOPEN_SOURCE -D_DARWIN_C_SOURCE   -O3 -I/usr/local/opt/libyaml/include -I/usr/local/opt/readline/include -I/usr/local/opt/libksba/include -I/usr/local/opt/openssl098/include  -fno-common -pipe -fno-common    conftest.c -o conftest.i"
checked program was:
/* begin */
1: #include <pthread.h>
/* end */

--------------------

